<?xml version="1.0" encoding="UTF-8"?>
<!-- Generated by org.testng.reporters.JUnitReportReporter -->
<testsuite hostname="NitxLegion" failures="0" tests="1" name="rahulshettyacademy.tests.ErrorValidations" time="8.991" errors="0" timestamp="2024-08-16T17:52:09 EDT" skipped="0">
  <testcase classname="rahulshettyacademy.tests.ErrorValidations" name="submitOrder" time="8.991"/>
</testsuite> <!-- rahulshettyacademy.tests.ErrorValidations -->
