<?xml version="1.0" encoding="UTF-8"?>
<!-- Generated by org.testng.reporters.JUnitReportReporter -->
<testsuite hostname="NitxLegion" failures="0" tests="1" name="cucumber.TestNGTestRunner" time="8.357" errors="0" timestamp="2024-08-22T21:12:43 EDT" skipped="0">
  <testcase classname="cucumber.TestNGTestRunner" name="runScenario" time="8.357"/>
</testsuite> <!-- cucumber.TestNGTestRunner -->
