<?xml version="1.0" encoding="UTF-8"?>
<!-- Generated by org.testng.reporters.JUnitReportReporter -->
<testsuite hostname="NitxLegion" failures="0" tests="3" name="rahulshettyacademy.tests.SubmitOrderTest" time="20.666" errors="0" timestamp="2024-08-22T19:41:17 EDT" skipped="0">
  <testcase classname="rahulshettyacademy.tests.SubmitOrderTest" name="submitOrder" time="8.140"/>
  <testcase classname="rahulshettyacademy.tests.SubmitOrderTest" name="submitOrder" time="7.843"/>
  <testcase classname="rahulshettyacademy.tests.SubmitOrderTest" name="OrderHistoryTest" time="4.683"/>
</testsuite> <!-- rahulshettyacademy.tests.SubmitOrderTest -->
