<?xml version="1.0" encoding="UTF-8"?>
<!-- Generated by org.testng.reporters.JUnitReportReporter -->
<testsuite hostname="NitxLegion" failures="0" tests="2" name="rahulshettyacademy.tests.ErrorValidationsTest" time="13.307" errors="0" timestamp="2024-08-23T19:17:54 EDT" skipped="0">
  <testcase classname="rahulshettyacademy.tests.ErrorValidationsTest" name="LoginErrorValidation" time="4.791"/>
  <testcase classname="rahulshettyacademy.tests.ErrorValidationsTest" name="ProductErrorValidation" time="8.516"/>
</testsuite> <!-- rahulshettyacademy.tests.ErrorValidationsTest -->
