<?xml version="1.0" encoding="UTF-8"?>
<!-- Generated by org.testng.reporters.JUnitReportReporter -->
<testsuite hostname="NitxLegion" failures="0" tests="2" name="rahulshettyacademy.tests.ErrorValidationsTest" time="14.742" errors="0" timestamp="2024-08-20T08:56:26 EDT" skipped="0">
  <testcase classname="rahulshettyacademy.tests.ErrorValidationsTest" name="LoginErrorValidation" time="5.169"/>
  <testcase classname="rahulshettyacademy.tests.ErrorValidationsTest" name="ProductErrorValidation" time="9.573"/>
</testsuite> <!-- rahulshettyacademy.tests.ErrorValidationsTest -->
